nohup: ignoring input
2019-01-01 18:13:31.369891: I tensorflow/core/platform/cpu_feature_guard.cc:141] Your CPU supports instructions that this TensorFlow binary was not compiled to use: AVX2 FMA
2019-01-01 18:13:31.450062: I tensorflow/stream_executor/cuda/cuda_gpu_executor.cc:964] successful NUMA node read from SysFS had negative value (-1), but there must be at least one NUMA node, so returning NUMA node zero
2019-01-01 18:13:31.450392: I tensorflow/core/common_runtime/gpu/gpu_device.cc:1411] Found device 0 with properties: 
name: GeForce GTX 1070 Ti major: 6 minor: 1 memoryClockRate(GHz): 1.683
pciBusID: 0000:01:00.0
totalMemory: 7.93GiB freeMemory: 7.42GiB
2019-01-01 18:13:31.450404: I tensorflow/core/common_runtime/gpu/gpu_device.cc:1490] Adding visible gpu devices: 0
2019-01-01 18:13:31.620615: I tensorflow/core/common_runtime/gpu/gpu_device.cc:971] Device interconnect StreamExecutor with strength 1 edge matrix:
2019-01-01 18:13:31.620646: I tensorflow/core/common_runtime/gpu/gpu_device.cc:977]      0 
2019-01-01 18:13:31.620651: I tensorflow/core/common_runtime/gpu/gpu_device.cc:990] 0:   N 
2019-01-01 18:13:31.620763: I tensorflow/core/common_runtime/gpu/gpu_device.cc:1103] Created TensorFlow device (/job:localhost/replica:0/task:0/device:GPU:0 with 7154 MB memory) -> physical GPU (device: 0, name: GeForce GTX 1070 Ti, pci bus id: 0000:01:00.0, compute capability: 6.1)
Namespace(batch=16, decay_epoch=30, epoch=50, experiment_dir='./experiment', lr=8e-05, model='resnet18', resume=False, valid_split=0.1, weights='GRU.h5')
(?, 64, 128, 64)
Input col:  64
Input row:  128
conv_shape (?, 16, 32, 256)
16
No pretrained weight!
train imgs:  17545
valid imgs:  1950
Epoch 1/50

   1/1096 [..............................] - ETA: 1:55:07 - loss: 47.1078
   2/1096 [..............................] - ETA: 59:17 - loss: 46.2255  
   3/1096 [..............................] - ETA: 40:46 - loss: 46.3069
   4/1096 [..............................] - ETA: 31:29 - loss: 45.9194
   5/1096 [..............................] - ETA: 25:57 - loss: 46.2417
   6/1096 [..............................] - ETA: 22:11 - loss: 46.0597
   7/1096 [..............................] - ETA: 19:35 - loss: 46.0643
   8/1096 [..............................] - ETA: 17:37 - loss: 46.2230
   9/1096 [..............................] - ETA: 16:03 - loss: 46.2912
  10/1096 [..............................] - ETA: 14:48 - loss: 46.4115
  11/1096 [..............................] - ETA: 13:49 - loss: 46.4385
  12/1096 [..............................] - ETA: 12:59 - loss: 46.4353
  13/1096 [..............................] - ETA: 12:17 - loss: 46.3753
  14/1096 [..............................] - ETA: 11:41 - loss: 46.3850
  15/1096 [..............................] - ETA: 11:09 - loss: 46.2914
  16/1096 [..............................] - ETA: 10:40 - loss: 46.2187
  17/1096 [..............................] - ETA: 10:15 - loss: 46.3136
  18/1096 [..............................] - ETA: 9:52 - loss: 46.3502 
  19/1096 [..............................] - ETA: 9:33 - loss: 46.3689
  20/1096 [..............................] - ETA: 9:15 - loss: 46.4118
  21/1096 [..............................] - ETA: 8:59 - loss: 46.4592
  22/1096 [..............................] - ETA: 8:45 - loss: 46.5743
  23/1096 [..............................] - ETA: 8:31 - loss: 46.4996
  24/1096 [..............................] - ETA: 8:19 - loss: 46.5047
  25/1096 [..............................] - ETA: 8:07 - loss: 46.5340
  26/1096 [..............................] - ETA: 7:56 - loss: 46.5350
  27/1096 [..............................] - ETA: 7:46 - loss: 46.5896
  28/1096 [..............................] - ETA: 7:36 - loss: 46.5664
  29/1096 [..............................] - ETA: 7:27 - loss: 46.5028
  30/1096 [..............................] - ETA: 7:19 - loss: 46.5692
  31/1096 [..............................] - ETA: 7:12 - loss: 46.5344
  32/1096 [..............................] - ETA: 7:05 - loss: 46.5449
  33/1096 [..............................] - ETA: 6:59 - loss: 46.5210
  34/1096 [..............................] - ETA: 6:52 - loss: 46.4678
  35/1096 [..............................] - ETA: 6:47 - loss: 46.3789
  36/1096 [..............................] - ETA: 6:41 - loss: 46.3204
  37/1096 [>.............................] - ETA: 6:36 - loss: 46.3782
  38/1096 [>.............................] - ETA: 6:31 - loss: 46.3467
  39/1096 [>.............................] - ETA: 6:26 - loss: 46.3622
  40/1096 [>.............................] - ETA: 6:21 - loss: 46.3278
  41/1096 [>.............................] - ETA: 6:17 - loss: 46.3373
  42/1096 [>.............................] - ETA: 6:13 - loss: 46.3365
  43/1096 [>.............................] - ETA: 6:08 - loss: 46.4220
  44/1096 [>.............................] - ETA: 6:04 - loss: 46.4363
  45/1096 [>.............................] - ETA: 6:01 - loss: 46.4143
  46/1096 [>.............................] - ETA: 5:57 - loss: 46.4009
  47/1096 [>.............................] - ETA: 5:54 - loss: 46.3981
  48/1096 [>.............................] - ETA: 5:51 - loss: 46.3401
  49/1096 [>.............................] - ETA: 5:48 - loss: 46.3529
  50/1096 [>.............................] - ETA: 5:46 - loss: 46.3975
  51/1096 [>.............................] - ETA: 5:43 - loss: 46.4067
  52/1096 [>.............................] - ETA: 5:40 - loss: 46.4403
  53/1096 [>.............................] - ETA: 5:37 - loss: 46.4724
  54/1096 [>.............................] - ETA: 5:35 - loss: 46.4661
  55/1096 [>.............................] - ETA: 5:32 - loss: 46.4767
  56/1096 [>.............................] - ETA: 5:30 - loss: 46.5021
  57/1096 [>.............................] - ETA: 5:27 - loss: 46.4724
  58/1096 [>.............................] - ETA: 5:25 - loss: 46.4680
  59/1096 [>.............................] - ETA: 5:22 - loss: 46.4898
  60/1096 [>.............................] - ETA: 5:21 - loss: 46.4738
  61/1096 [>.............................] - ETA: 5:19 - loss: 46.4575
  62/1096 [>.............................] - ETA: 5:17 - loss: 46.4541
  63/1096 [>.............................] - ETA: 5:15 - loss: 46.4527
  64/1096 [>.............................] - ETA: 5:13 - loss: 46.4456
  65/1096 [>.............................] - ETA: 5:11 - loss: 46.4415
  66/1096 [>.............................] - ETA: 5:09 - loss: 46.4607
  67/1096 [>.............................] - ETA: 5:08 - loss: 46.4270
  68/1096 [>.............................] - ETA: 5:06 - loss: 46.4052
  69/1096 [>.............................] - ETA: 5:04 - loss: 46.3820
  70/1096 [>.............................] - ETA: 5:03 - loss: 46.3987
  71/1096 [>.............................] - ETA: 5:01 - loss: 46.4013
  72/1096 [>.............................] - ETA: 5:00 - loss: 46.3741
  73/1096 [>.............................] - ETA: 4:58 - loss: 46.3760
  74/1096 [=>............................] - ETA: 4:57 - loss: 46.3698
  75/1096 [=>............................] - ETA: 4:56 - loss: 46.4046
  76/1096 [=>............................] - ETA: 4:54 - loss: 46.3810
  77/1096 [=>............................] - ETA: 4:53 - loss: 46.3953
  78/1096 [=>............................] - ETA: 4:52 - loss: 46.3819
  79/1096 [=>............................] - ETA: 4:50 - loss: 46.3386
  80/1096 [=>............................] - ETA: 4:49 - loss: 46.3223
  81/1096 [=>............................] - ETA: 4:48 - loss: 46.3149
  82/1096 [=>............................] - ETA: 4:47 - loss: 46.2898
  83/1096 [=>............................] - ETA: 4:46 - loss: 46.2946
  84/1096 [=>............................] - ETA: 4:45 - loss: 46.2702
  85/1096 [=>............................] - ETA: 4:44 - loss: 46.2799
  86/1096 [=>............................] - ETA: 4:42 - loss: 46.2591
  87/1096 [=>............................] - ETA: 4:41 - loss: 46.2246
  88/1096 [=>............................] - ETA: 4:40 - loss: 46.2079
  89/1096 [=>............................] - ETA: 4:39 - loss: 46.1977
  90/1096 [=>............................] - ETA: 4:38 - loss: 46.1766
  91/1096 [=>............................] - ETA: 4:37 - loss: 46.1782
  92/1096 [=>............................] - ETA: 4:36 - loss: 46.1826
  93/1096 [=>............................] - ETA: 4:35 - loss: 46.1609
  94/1096 [=>............................] - ETA: 4:34 - loss: 46.1719
  95/1096 [=>............................] - ETA: 4:33 - loss: 46.1833
  96/1096 [=>............................] - ETA: 4:32 - loss: 46.2007
  97/1096 [=>............................] - ETA: 4:31 - loss: 46.2181
  98/1096 [=>............................] - ETA: 4:30 - loss: 46.2296
  99/1096 [=>............................] - ETA: 4:30 - loss: 46.2345
 100/1096 [=>............................] - ETA: 4:29 - loss: 46.2172
 101/1096 [=>............................] - ETA: 4:28 - loss: 46.2002
 102/1096 [=>............................] - ETA: 4:27 - loss: 46.1951
 103/1096 [=>............................] - ETA: 4:26 - loss: 46.1795
 104/1096 [=>............................] - ETA: 4:25 - loss: 46.1476
 105/1096 [=>............................] - ETA: 4:25 - loss: 46.1771
 106/1096 [=>............................] - ETA: 4:24 - loss: 46.1805
 107/1096 [=>............................] - ETA: 4:23 - loss: 46.1899
 108/1096 [=>............................] - ETA: 4:22 - loss: 46.2017
 109/1096 [=>............................] - ETA: 4:21 - loss: 46.2001
 110/1096 [==>...........................] - ETA: 4:20 - loss: 46.1995
 111/1096 [==>...........................] - ETA: 4:20 - loss: 46.2038
 112/1096 [==>...........................] - ETA: 4:19 - loss: 46.1911
 113/1096 [==>...........................] - ETA: 4:18 - loss: 46.2016
 114/1096 [==>...........................] - ETA: 4:17 - loss: 46.1835
 115/1096 [==>...........................] - ETA: 4:17 - loss: 46.2003
 116/1096 [==>...........................] - ETA: 4:16 - loss: 46.1970
 117/1096 [==>...........................] - ETA: 4:15 - loss: 46.1904
 118/1096 [==>...........................] - ETA: 4:14 - loss: 46.1810
 119/1096 [==>...........................] - ETA: 4:14 - loss: 46.1796
 120/1096 [==>...........................] - ETA: 4:13 - loss: 46.1756
 121/1096 [==>...........................] - ETA: 4:13 - loss: 46.1803
 122/1096 [==>...........................] - ETA: 4:12 - loss: 46.1700
 123/1096 [==>...........................] - ETA: 4:11 - loss: 46.1611
 124/1096 [==>...........................] - ETA: 4:10 - loss: 46.1742
 125/1096 [==>...........................] - ETA: 4:10 - loss: 46.1718
 126/1096 [==>...........................] - ETA: 4:09 - loss: 46.1645
 127/1096 [==>...........................] - ETA: 4:08 - loss: 46.1762
 128/1096 [==>...........................] - ETA: 4:08 - loss: 46.2008
 129/1096 [==>...........................] - ETA: 4:07 - loss: 46.1760
 130/1096 [==>...........................] - ETA: 4:06 - loss: 46.1634
 131/1096 [==>...........................] - ETA: 4:06 - loss: 46.1565
 132/1096 [==>...........................] - ETA: 4:05 - loss: 46.1500
 133/1096 [==>...........................] - ETA: 4:05 - loss: 46.1368
 134/1096 [==>...........................] - ETA: 4:04 - loss: 46.1298
 135/1096 [==>...........................] - ETA: 4:04 - loss: 46.1126
 136/1096 [==>...........................] - ETA: 4:03 - loss: 46.1089
 137/1096 [==>...........................] - ETA: 4:02 - loss: 46.1105
 138/1096 [==>...........................] - ETA: 4:02 - loss: 46.1114
 139/1096 [==>...........................] - ETA: 4:01 - loss: 46.1095
 140/1096 [==>...........................] - ETA: 4:01 - loss: 46.0969
 141/1096 [==>...........................] - ETA: 4:00 - loss: 46.0864
 142/1096 [==>...........................] - ETA: 3:59 - loss: 46.0869
 143/1096 [==>...........................] - ETA: 3:59 - loss: 46.0720
 144/1096 [==>...........................] - ETA: 3:58 - loss: 46.0817
 145/1096 [==>...........................] - ETA: 3:58 - loss: 46.0891
 146/1096 [==>...........................] - ETA: 3:57 - loss: 46.0935
 147/1096 [===>..........................] - ETA: 3:57 - loss: 46.0932
 148/1096 [===>..........................] - ETA: 3:56 - loss: 46.0748
 149/1096 [===>..........................] - ETA: 3:56 - loss: 46.0721
 150/1096 [===>..........................] - ETA: 3:55 - loss: 46.0669
 151/1096 [===>..........................] - ETA: 3:55 - loss: 46.0767
 152/1096 [===>..........................] - ETA: 3:54 - loss: 46.0869
 153/1096 [===>..........................] - ETA: 3:54 - loss: 46.0836
 154/1096 [===>..........................] - ETA: 3:53 - loss: 46.0761
 155/1096 [===>..........................] - ETA: 3:53 - loss: 46.0754
 156/1096 [===>..........................] - ETA: 3:52 - loss: 46.0734
 157/1096 [===>..........................] - ETA: 3:52 - loss: 46.0687
 158/1096 [===>..........................] - ETA: 3:51 - loss: 46.0810
 159/1096 [===>..........................] - ETA: 3:51 - loss: 46.0874
 160/1096 [===>..........................] - ETA: 3:50 - loss: 46.0643
 161/1096 [===>..........................] - ETA: 3:50 - loss: 46.0648
 162/1096 [===>..........................] - ETA: 3:50 - loss: 46.0649
 163/1096 [===>..........................] - ETA: 3:49 - loss: 46.0654
 164/1096 [===>..........................] - ETA: 3:49 - loss: 46.0563
 165/1096 [===>..........................] - ETA: 3:48 - loss: 46.0480
 166/1096 [===>..........................] - ETA: 3:48 - loss: 46.0455
 167/1096 [===>..........................] - ETA: 3:47 - loss: 46.0400
 168/1096 [===>..........................] - ETA: 3:47 - loss: 46.0323
 169/1096 [===>..........................] - ETA: 3:46 - loss: 46.0221
 170/1096 [===>..........................] - ETA: 3:46 - loss: 46.0295
 171/1096 [===>..........................] - ETA: 3:46 - loss: 46.0293
 172/1096 [===>..........................] - ETA: 3:45 - loss: 46.0350
 173/1096 [===>..........................] - ETA: 3:45 - loss: 46.0411
 174/1096 [===>..........................] - ETA: 3:44 - loss: 46.0398
 175/1096 [===>..........................] - ETA: 3:44 - loss: 46.0351
 176/1096 [===>..........................] - ETA: 3:43 - loss: 46.0281
 177/1096 [===>..........................] - ETA: 3:43 - loss: 46.0174
 178/1096 [===>..........................] - ETA: 3:43 - loss: 46.0259
 179/1096 [===>..........................] - ETA: 3:42 - loss: 46.0197
 180/1096 [===>..........................] - ETA: 3:42 - loss: 46.0139
 181/1096 [===>..........................] - ETA: 3:41 - loss: 46.0065
 182/1096 [===>..........................] - ETA: 3:41 - loss: 46.0052
 183/1096 [====>.........................] - ETA: 3:41 - loss: 46.0060
 184/1096 [====>.........................] - ETA: 3:40 - loss: 46.0029
 185/1096 [====>.........................] - ETA: 3:40 - loss: 45.9959
 186/1096 [====>.........................] - ETA: 3:39 - loss: 46.0032
 187/1096 [====>.........................] - ETA: 3:39 - loss: 46.0034
 188/1096 [====>.........................] - ETA: 3:38 - loss: 46.0163
 189/1096 [====>.........................] - ETA: 3:38 - loss: 46.0167
 190/1096 [====>.........................] - ETA: 3:38 - loss: 46.0251
 191/1096 [====>.........................] - ETA: 3:37 - loss: 46.0240
 192/1096 [====>.........................] - ETA: 3:37 - loss: 46.0204
 193/1096 [====>.........................] - ETA: 3:36 - loss: 46.0203
 194/1096 [====>.........................] - ETA: 3:36 - loss: 46.0222
 195/1096 [====>.........................] - ETA: 3:36 - loss: 46.0318
 196/1096 [====>.........................] - ETA: 3:35 - loss: 46.0314
 197/1096 [====>.........................] - ETA: 3:35 - loss: 46.0335
 198/1096 [====>.........................] - ETA: 3:35 - loss: 46.0296
 199/1096 [====>.........................] - ETA: 3:34 - loss: 46.0184
 200/1096 [====>.........................] - ETA: 3:34 - loss: 46.0165
 201/1096 [====>.........................] - ETA: 3:34 - loss: 46.0102
 202/1096 [====>.........................] - ETA: 3:33 - loss: 46.0243
 203/1096 [====>.........................] - ETA: 3:33 - loss: 46.0237
 204/1096 [====>.........................] - ETA: 3:32 - loss: 46.0331
 205/1096 [====>.........................] - ETA: 3:32 - loss: 46.0357
 206/1096 [====>.........................] - ETA: 3:32 - loss: 46.0425
 207/1096 [====>.........................] - ETA: 3:31 - loss: 46.0477
 208/1096 [====>.........................] - ETA: 3:31 - loss: 46.0433
 209/1096 [====>.........................] - ETA: 3:31 - loss: 46.0422
 210/1096 [====>.........................] - ETA: 3:30 - loss: 46.0556
 211/1096 [====>.........................] - ETA: 3:30 - loss: 46.0689
 212/1096 [====>.........................] - ETA: 3:30 - loss: 46.0704
 213/1096 [====>.........................] - ETA: 3:29 - loss: 46.0648
 214/1096 [====>.........................] - ETA: 3:29 - loss: 46.0549
 215/1096 [====>.........................] - ETA: 3:28 - loss: 46.0485
 216/1096 [====>.........................] - ETA: 3:28 - loss: 46.0524
 217/1096 [====>.........................] - ETA: 3:28 - loss: 46.0504
 218/1096 [====>.........................] - ETA: 3:27 - loss: 46.0427
 219/1096 [====>.........................] - ETA: 3:27 - loss: 46.0485
 220/1096 [=====>........................] - ETA: 3:27 - loss: 46.0492
 221/1096 [=====>........................] - ETA: 3:26 - loss: 46.0451
 222/1096 [=====>........................] - ETA: 3:26 - loss: 46.0472
 223/1096 [=====>........................] - ETA: 3:26 - loss: 46.0423
 224/1096 [=====>........................] - ETA: 3:26 - loss: 46.0362
 225/1096 [=====>........................] - ETA: 3:25 - loss: 46.0448
 226/1096 [=====>........................] - ETA: 3:25 - loss: 46.0379
 227/1096 [=====>........................] - ETA: 3:25 - loss: 46.0349
 228/1096 [=====>........................] - ETA: 3:24 - loss: 46.0280
 229/1096 [=====>........................] - ETA: 3:24 - loss: 46.0304
 230/1096 [=====>........................] - ETA: 3:23 - loss: 46.0297
 231/1096 [=====>........................] - ETA: 3:23 - loss: 46.0373
 232/1096 [=====>........................] - ETA: 3:23 - loss: 46.0244
 233/1096 [=====>........................] - ETA: 3:22 - loss: 46.0093
 234/1096 [=====>........................] - ETA: 3:22 - loss: 46.0143
 235/1096 [=====>........................] - ETA: 3:22 - loss: 46.0164
 236/1096 [=====>........................] - ETA: 3:21 - loss: 46.0054
 237/1096 [=====>........................] - ETA: 3:21 - loss: 46.0063
 238/1096 [=====>........................] - ETA: 3:21 - loss: 46.0095
 239/1096 [=====>........................] - ETA: 3:20 - loss: 46.0082
 240/1096 [=====>........................] - ETA: 3:20 - loss: 45.9979
 241/1096 [=====>........................] - ETA: 3:20 - loss: 46.0041
 242/1096 [=====>........................] - ETA: 3:20 - loss: 46.0006
 243/1096 [=====>........................] - ETA: 3:19 - loss: 45.9966
 244/1096 [=====>........................] - ETA: 3:19 - loss: 46.0003
 245/1096 [=====>........................] - ETA: 3:19 - loss: 46.0001
 246/1096 [=====>........................] - ETA: 3:18 - loss: 45.9997
 247/1096 [=====>........................] - ETA: 3:18 - loss: 46.0014
 248/1096 [=====>........................] - ETA: 3:18 - loss: 45.9998
 249/1096 [=====>........................] - ETA: 3:17 - loss: 46.0047
 250/1096 [=====>........................] - ETA: 3:17 - loss: 45.9963
 251/1096 [=====>........................] - ETA: 3:17 - loss: 45.9962
 252/1096 [=====>........................] - ETA: 3:16 - loss: 45.9954
 253/1096 [=====>........................] - ETA: 3:16 - loss: 45.9885
 254/1096 [=====>........................] - ETA: 3:16 - loss: 45.9900
 255/1096 [=====>........................] - ETA: 3:15 - loss: 45.9874
 256/1096 [======>.......................] - ETA: 3:15 - loss: 45.9802
 257/1096 [======>.......................] - ETA: 3:15 - loss: 45.9726
 258/1096 [======>.......................] - ETA: 3:14 - loss: 45.9739
 259/1096 [======>.......................] - ETA: 3:14 - loss: 45.9807
 260/1096 [======>.......................] - ETA: 3:14 - loss: 45.9777
 261/1096 [======>.......................] - ETA: 3:13 - loss: 45.9700
 262/1096 [======>.......................] - ETA: 3:13 - loss: 45.9632
 263/1096 [======>.......................] - ETA: 3:13 - loss: 45.9605
 264/1096 [======>.......................] - ETA: 3:13 - loss: 45.9629
 265/1096 [======>.......................] - ETA: 3:12 - loss: 45.9558
 266/1096 [======>.......................] - ETA: 3:12 - loss: 45.9614
 267/1096 [======>.......................] - ETA: 3:12 - loss: 45.9540
 268/1096 [======>.......................] - ETA: 3:11 - loss: 45.9531
 269/1096 [======>.......................] - ETA: 3:11 - loss: 45.9492
 270/1096 [======>.......................] - ETA: 3:11 - loss: 45.9553
 271/1096 [======>.......................] - ETA: 3:10 - loss: 45.9650
 272/1096 [======>.......................] - ETA: 3:10 - loss: 45.9729
 273/1096 [======>.......................] - ETA: 3:10 - loss: 45.9699
 274/1096 [======>.......................] - ETA: 3:10 - loss: 45.9659
 275/1096 [======>.......................] - ETA: 3:09 - loss: 45.9625
 276/1096 [======>.......................] - ETA: 3:09 - loss: 45.9602
 277/1096 [======>.......................] - ETA: 3:09 - loss: 45.9662
 278/1096 [======>.......................] - ETA: 3:08 - loss: 45.9659
 279/1096 [======>.......................] - ETA: 3:08 - loss: 45.9665
 280/1096 [======>.......................] - ETA: 3:08 - loss: 45.9686
 281/1096 [======>.......................] - ETA: 3:07 - loss: 45.9737
 282/1096 [======>.......................] - ETA: 3:07 - loss: 45.9754
 283/1096 [======>.......................] - ETA: 3:07 - loss: 45.9732
 284/1096 [======>.......................] - ETA: 3:07 - loss: 45.9783
 285/1096 [======>.......................] - ETA: 3:06 - loss: 45.9757
 286/1096 [======>.......................] - ETA: 3:06 - loss: 45.9736
 287/1096 [======>.......................] - ETA: 3:06 - loss: 45.9767
 288/1096 [======>.......................] - ETA: 3:05 - loss: 45.9733
 289/1096 [======>.......................] - ETA: 3:05 - loss: 45.9693
 290/1096 [======>.......................] - ETA: 3:05 - loss: 45.9788
 291/1096 [======>.......................] - ETA: 3:05 - loss: 45.9842
 292/1096 [======>.......................] - ETA: 3:04 - loss: 45.9868
 293/1096 [=======>......................] - ETA: 3:04 - loss: 45.9822
 294/1096 [=======>......................] - ETA: 3:04 - loss: 45.9821
 295/1096 [=======>......................] - ETA: 3:03 - loss: 45.9824
 296/1096 [=======>......................] - ETA: 3:03 - loss: 45.9774
 297/1096 [=======>......................] - ETA: 3:03 - loss: 45.9763
 298/1096 [=======>......................] - ETA: 3:03 - loss: 45.9655
 299/1096 [=======>......................] - ETA: 3:02 - loss: 45.9656
 300/1096 [=======>......................] - ETA: 3:02 - loss: 45.9594
 301/1096 [=======>......................] - ETA: 3:02 - loss: 45.9652
 302/1096 [=======>......................] - ETA: 3:01 - loss: 45.9655
 303/1096 [=======>......................] - ETA: 3:01 - loss: 45.9654
 304/1096 [=======>......................] - ETA: 3:01 - loss: 45.9772
 305/1096 [=======>......................] - ETA: 3:01 - loss: 45.9664
 306/1096 [=======>......................] - ETA: 3:00 - loss: 45.9601
 307/1096 [=======>......................] - ETA: 3:00 - loss: 45.9518
 308/1096 [=======>......................] - ETA: 3:00 - loss: 45.9525
 309/1096 [=======>......................] - ETA: 2:59 - loss: 45.9594
 310/1096 [=======>......................] - ETA: 2:59 - loss: 45.9519
 311/1096 [=======>......................] - ETA: 2:59 - loss: 45.9515
 312/1096 [=======>......................] - ETA: 2:59 - loss: 45.9410
 313/1096 [=======>......................] - ETA: 2:58 - loss: 45.9354
 314/1096 [=======>......................] - ETA: 2:58 - loss: 45.9320
 315/1096 [=======>......................] - ETA: 2:58 - loss: 45.9298
 316/1096 [=======>......................] - ETA: 2:58 - loss: 45.9251
 317/1096 [=======>......................] - ETA: 2:57 - loss: 45.9270
 318/1096 [=======>......................] - ETA: 2:57 - loss: 45.9203
 319/1096 [=======>......................] - ETA: 2:57 - loss: 45.9194
 320/1096 [=======>......................] - ETA: 2:57 - loss: 45.9132
 321/1096 [=======>......................] - ETA: 2:56 - loss: 45.9107
 322/1096 [=======>......................] - ETA: 2:56 - loss: 45.9136
 323/1096 [=======>......................] - ETA: 2:56 - loss: 45.9124
 324/1096 [=======>......................] - ETA: 2:55 - loss: 45.9165
 325/1096 [=======>......................] - ETA: 2:55 - loss: 45.9151
 326/1096 [=======>......................] - ETA: 2:55 - loss: 45.9199
 327/1096 [=======>......................] - ETA: 2:55 - loss: 45.9158
 328/1096 [=======>......................] - ETA: 2:54 - loss: 45.9170
 329/1096 [========>.....................] - ETA: 2:54 - loss: 45.9232
 330/1096 [========>.....................] - ETA: 2:54 - loss: 45.9224
 331/1096 [========>.....................] - ETA: 2:54 - loss: 45.9117
 332/1096 [========>.....................] - ETA: 2:53 - loss: 45.9201
 333/1096 [========>.....................] - ETA: 2:53 - loss: 45.9209
 334/1096 [========>.....................] - ETA: 2:53 - loss: 45.9236
 335/1096 [========>.....................] - ETA: 2:52 - loss: 45.9307
 336/1096 [========>.....................] - ETA: 2:52 - loss: 45.9378
 337/1096 [========>.....................] - ETA: 2:52 - loss: 45.9381
 338/1096 [========>.....................] - ETA: 2:52 - loss: 45.9384
 339/1096 [========>.....................] - ETA: 2:51 - loss: 45.9375
 340/1096 [========>.....................] - ETA: 2:51 - loss: 45.9329
 341/1096 [========>.....................] - ETA: 2:51 - loss: 45.9384
 342/1096 [========>.....................] - ETA: 2:51 - loss: 45.9395
 343/1096 [========>.....................] - ETA: 2:50 - loss: 45.9331
 344/1096 [========>.....................] - ETA: 2:50 - loss: 45.9378
 345/1096 [========>.....................] - ETA: 2:50 - loss: 45.9399
 346/1096 [========>.....................] - ETA: 2:50 - loss: 45.9403
 347/1096 [========>.....................] - ETA: 2:49 - loss: 45.9386
 348/1096 [========>.....................] - ETA: 2:49 - loss: 45.9410
 349/1096 [========>.....................] - ETA: 2:49 - loss: 45.9375
 350/1096 [========>.....................] - ETA: 2:49 - loss: 45.9396
 351/1096 [========>.....................] - ETA: 2:48 - loss: 45.9388
 352/1096 [========>.....................] - ETA: 2:48 - loss: 45.9465
 353/1096 [========>.....................] - ETA: 2:48 - loss: 45.9441
 354/1096 [========>.....................] - ETA: 2:47 - loss: 45.9464
 355/1096 [========>.....................] - ETA: 2:47 - loss: 45.9443
 356/1096 [========>.....................] - ETA: 2:47 - loss: 45.9385
 357/1096 [========>.....................] - ETA: 2:47 - loss: 45.9423
 358/1096 [========>.....................] - ETA: 2:46 - loss: 45.9426
 359/1096 [========>.....................] - ETA: 2:46 - loss: 45.9406
 360/1096 [========>.....................] - ETA: 2:46 - loss: 45.9430
 361/1096 [========>.....................] - ETA: 2:46 - loss: 45.9411
 362/1096 [========>.....................] - ETA: 2:45 - loss: 45.9405
 363/1096 [========>.....................] - ETA: 2:45 - loss: 45.9379
 364/1096 [========>.....................] - ETA: 2:45 - loss: 45.9403
 365/1096 [========>.....................] - ETA: 2:45 - loss: 45.9453
 366/1096 [=========>....................] - ETA: 2:44 - loss: 45.9437
 367/1096 [=========>....................] - ETA: 2:44 - loss: 45.9364
 368/1096 [=========>....................] - ETA: 2:44 - loss: 45.9335
 369/1096 [=========>....................] - ETA: 2:44 - loss: 45.9317
 370/1096 [=========>....................] - ETA: 2:43 - loss: 45.9301
 371/1096 [=========>....................] - ETA: 2:43 - loss: 45.9356
 372/1096 [=========>....................] - ETA: 2:43 - loss: 45.9357
 373/1096 [=========>....................] - ETA: 2:43 - loss: 45.9376
 374/1096 [=========>....................] - ETA: 2:42 - loss: 45.9374
 375/1096 [=========>....................] - ETA: 2:42 - loss: 45.9348
 376/1096 [=========>....................] - ETA: 2:42 - loss: 45.9395
 377/1096 [=========>....................] - ETA: 2:42 - loss: 45.9410
 378/1096 [=========>....................] - ETA: 2:41 - loss: 45.9422
 379/1096 [=========>....................] - ETA: 2:41 - loss: 45.9342
 380/1096 [=========>....................] - ETA: 2:41 - loss: 45.9349
 381/1096 [=========>....................] - ETA: 2:41 - loss: 45.9297
 382/1096 [=========>....................] - ETA: 2:40 - loss: 45.9287
 383/1096 [=========>....................] - ETA: 2:40 - loss: 45.9297
 384/1096 [=========>....................] - ETA: 2:40 - loss: 45.9309
 385/1096 [=========>....................] - ETA: 2:40 - loss: 45.9337
 386/1096 [=========>....................] - ETA: 2:39 - loss: 45.9352
 387/1096 [=========>....................] - ETA: 2:39 - loss: 45.9310
 388/1096 [=========>....................] - ETA: 2:39 - loss: 45.9353
 389/1096 [=========>....................] - ETA: 2:39 - loss: 45.9384
 390/1096 [=========>....................] - ETA: 2:38 - loss: 45.9359
 391/1096 [=========>....................] - ETA: 2:38 - loss: 45.9327
 392/1096 [=========>....................] - ETA: 2:38 - loss: 45.9321
 393/1096 [=========>....................] - ETA: 2:38 - loss: 45.9335
 394/1096 [=========>....................] - ETA: 2:37 - loss: 45.9375
 395/1096 [=========>....................] - ETA: 2:37 - loss: 45.9429
 396/1096 [=========>....................] - ETA: 2:37 - loss: 45.9496
 397/1096 [=========>....................] - ETA: 2:37 - loss: 45.9514
 398/1096 [=========>....................] - ETA: 2:36 - loss: 45.9516
 399/1096 [=========>....................] - ETA: 2:36 - loss: 45.9505
 400/1096 [=========>....................] - ETA: 2:36 - loss: 45.9443
 401/1096 [=========>....................] - ETA: 2:36 - loss: 45.9421
 402/1096 [==========>...................] - ETA: 2:35 - loss: 45.9409
 403/1096 [==========>...................] - ETA: 2:35 - loss: 45.9410
 404/1096 [==========>...................] - ETA: 2:35 - loss: 45.9431
 405/1096 [==========>...................] - ETA: 2:35 - loss: 45.9436
 406/1096 [==========>...................] - ETA: 2:34 - loss: 45.9443
 407/1096 [==========>...................] - ETA: 2:34 - loss: 45.9413
 408/1096 [==========>...................] - ETA: 2:34 - loss: 45.9366
 409/1096 [==========>...................] - ETA: 2:34 - loss: 45.9374
 410/1096 [==========>...................] - ETA: 2:33 - loss: 45.9300
 411/1096 [==========>...................] - ETA: 2:33 - loss: 45.9327
 412/1096 [==========>...................] - ETA: 2:33 - loss: 45.9333
 413/1096 [==========>...................] - ETA: 2:33 - loss: 45.9362
 414/1096 [==========>...................] - ETA: 2:32 - loss: 45.9291
 415/1096 [==========>...................] - ETA: 2:32 - loss: 45.9277
 416/1096 [==========>...................] - ETA: 2:32 - loss: 45.9276
 417/1096 [==========>...................] - ETA: 2:32 - loss: 45.9226
 418/1096 [==========>...................] - ETA: 2:31 - loss: 45.9212
 419/1096 [==========>...................] - ETA: 2:31 - loss: 45.9120
 420/1096 [==========>...................] - ETA: 2:31 - loss: 45.9178
 421/1096 [==========>...................] - ETA: 2:31 - loss: 45.9173
 422/1096 [==========>...................] - ETA: 2:30 - loss: 45.9216
 423/1096 [==========>...................] - ETA: 2:30 - loss: 45.9220
 424/1096 [==========>...................] - ETA: 2:30 - loss: 45.9215
 425/1096 [==========>...................] - ETA: 2:30 - loss: 45.9213
 426/1096 [==========>...................] - ETA: 2:29 - loss: 45.9214
 427/1096 [==========>...................] - ETA: 2:29 - loss: 45.9180
 428/1096 [==========>...................] - ETA: 2:29 - loss: 45.9145
 429/1096 [==========>...................] - ETA: 2:29 - loss: 45.9096
 430/1096 [==========>...................] - ETA: 2:28 - loss: 45.9073
 431/1096 [==========>...................] - ETA: 2:28 - loss: 45.9056
 432/1096 [==========>...................] - ETA: 2:28 - loss: 45.9005
 433/1096 [==========>...................] - ETA: 2:28 - loss: 45.9020
 434/1096 [==========>...................] - ETA: 2:28 - loss: 45.9029
 435/1096 [==========>...................] - ETA: 2:27 - loss: 45.9061
 436/1096 [==========>...................] - ETA: 2:27 - loss: 45.9074
 437/1096 [==========>...................] - ETA: 2:27 - loss: 45.9092
 438/1096 [==========>...................] - ETA: 2:27 - loss: 45.9063
 439/1096 [===========>..................] - ETA: 2:26 - loss: 45.9068
 440/1096 [===========>..................] - ETA: 2:26 - loss: 45.9086
 441/1096 [===========>..................] - ETA: 2:26 - loss: 45.9071
 442/1096 [===========>..................] - ETA: 2:26 - loss: 45.9066
 443/1096 [===========>..................] - ETA: 2:25 - loss: 45.9005
 444/1096 [===========>..................] - ETA: 2:25 - loss: 45.9023
 445/1096 [===========>..................] - ETA: 2:25 - loss: 45.9008
 446/1096 [===========>..................] - ETA: 2:25 - loss: 45.8951
 447/1096 [===========>..................] - ETA: 2:24 - loss: 45.8952
 448/1096 [===========>..................] - ETA: 2:24 - loss: 45.8935
 449/1096 [===========>..................] - ETA: 2:24 - loss: 45.8945
 450/1096 [===========>..................] - ETA: 2:24 - loss: 45.8948
 451/1096 [===========>..................] - ETA: 2:23 - loss: 45.8954
 452/1096 [===========>..................] - ETA: 2:23 - loss: 45.8961
 453/1096 [===========>..................] - ETA: 2:23 - loss: 45.8961
 454/1096 [===========>..................] - ETA: 2:23 - loss: 45.8898
 455/1096 [===========>..................] - ETA: 2:22 - loss: 45.8933
 456/1096 [===========>..................] - ETA: 2:22 - loss: 45.8931
 457/1096 [===========>..................] - ETA: 2:22 - loss: 45.8931
 458/1096 [===========>..................] - ETA: 2:22 - loss: 45.8900
 459/1096 [===========>..................] - ETA: 2:21 - loss: 45.8915
 460/1096 [===========>..................] - ETA: 2:21 - loss: 45.8860
 461/1096 [===========>..................] - ETA: 2:21 - loss: 45.8862
 462/1096 [===========>..................] - ETA: 2:21 - loss: 45.8826
 463/1096 [===========>..................] - ETA: 2:20 - loss: 45.8811
 464/1096 [===========>..................] - ETA: 2:20 - loss: 45.8861
 465/1096 [===========>..................] - ETA: 2:20 - loss: 45.8861
 466/1096 [===========>..................] - ETA: 2:20 - loss: 45.8849
 467/1096 [===========>..................] - ETA: 2:19 - loss: 45.8827
 468/1096 [===========>..................] - ETA: 2:19 - loss: 45.8785
 469/1096 [===========>..................] - ETA: 2:19 - loss: 45.8760
 470/1096 [===========>..................] - ETA: 2:19 - loss: 45.8778
 471/1096 [===========>..................] - ETA: 2:18 - loss: 45.8751
 472/1096 [===========>..................] - ETA: 2:18 - loss: 45.8703
 473/1096 [===========>..................] - ETA: 2:18 - loss: 45.8729
 474/1096 [===========>..................] - ETA: 2:18 - loss: 45.8665
 475/1096 [============>.................] - ETA: 2:17 - loss: 45.8623
 476/1096 [============>.................] - ETA: 2:17 - loss: 45.8675
 477/1096 [============>.................] - ETA: 2:17 - loss: 45.8717
 478/1096 [============>.................] - ETA: 2:17 - loss: 45.8693
 479/1096 [============>.................] - ETA: 2:17 - loss: 45.8684
 480/1096 [============>.................] - ETA: 2:16 - loss: 45.8668
 481/1096 [============>.................] - ETA: 2:16 - loss: 45.8679
 482/1096 [============>.................] - ETA: 2:16 - loss: 45.8693
 483/1096 [============>.................] - ETA: 2:16 - loss: 45.8617
 484/1096 [============>.................] - ETA: 2:15 - loss: 45.8605
 485/1096 [============>.................] - ETA: 2:15 - loss: 45.8612
 486/1096 [============>.................] - ETA: 2:15 - loss: 45.8605
 487/1096 [============>.................] - ETA: 2:15 - loss: 45.8554
 488/1096 [============>.................] - ETA: 2:14 - loss: 45.8536
 489/1096 [============>.................] - ETA: 2:14 - loss: 45.8533
 490/1096 [============>.................] - ETA: 2:14 - loss: 45.8514
 491/1096 [============>.................] - ETA: 2:14 - loss: 45.8545
 492/1096 [============>.................] - ETA: 2:13 - loss: 45.8582
 493/1096 [============>.................] - ETA: 2:13 - loss: 45.8601
 494/1096 [============>.................] - ETA: 2:13 - loss: 45.8613
 495/1096 [============>.................] - ETA: 2:13 - loss: 45.8646
 496/1096 [============>.................] - ETA: 2:13 - loss: 45.8654
 497/1096 [============>.................] - ETA: 2:12 - loss: 45.8646
 498/1096 [============>.................] - ETA: 2:12 - loss: 45.8623
 499/1096 [============>.................] - ETA: 2:12 - loss: 45.8592
 500/1096 [============>.................] - ETA: 2:12 - loss: 45.8590
 501/1096 [============>.................] - ETA: 2:11 - loss: 45.8567
 502/1096 [============>.................] - ETA: 2:11 - loss: 45.8523
 503/1096 [============>.................] - ETA: 2:11 - loss: 45.8552
 504/1096 [============>.................] - ETA: 2:11 - loss: 45.8569
 505/1096 [============>.................] - ETA: 2:10 - loss: 45.8611
 506/1096 [============>.................] - ETA: 2:10 - loss: 45.8620
 507/1096 [============>.................] - ETA: 2:10 - loss: 45.8593
 508/1096 [============>.................] - ETA: 2:10 - loss: 45.8630
 509/1096 [============>.................] - ETA: 2:09 - loss: 45.8631
 510/1096 [============>.................] - ETA: 2:09 - loss: 45.8617
 511/1096 [============>.................] - ETA: 2:09 - loss: 45.8570
 512/1096 [=============>................] - ETA: 2:09 - loss: 45.8597
 513/1096 [=============>................] - ETA: 2:08 - loss: 45.8618
 514/1096 [=============>................] - ETA: 2:08 - loss: 45.8601
 515/1096 [=============>................] - ETA: 2:08 - loss: 45.8570
 516/1096 [=============>................] - ETA: 2:08 - loss: 45.8542
 517/1096 [=============>................] - ETA: 2:08 - loss: 45.8546
 518/1096 [=============>................] - ETA: 2:07 - loss: 45.8535
 519/1096 [=============>................] - ETA: 2:07 - loss: 45.8571
 520/1096 [=============>................] - ETA: 2:07 - loss: 45.8603
 521/1096 [=============>................] - ETA: 2:07 - loss: 45.8556
 522/1096 [=============>................] - ETA: 2:06 - loss: 45.8575
 523/1096 [=============>................] - ETA: 2:06 - loss: 45.8571
 524/1096 [=============>................] - ETA: 2:06 - loss: 45.8529
 525/1096 [=============>................] - ETA: 2:06 - loss: 45.8503
 526/1096 [=============>................] - ETA: 2:05 - loss: 45.8510
 527/1096 [=============>................] - ETA: 2:05 - loss: 45.8507
 528/1096 [=============>................] - ETA: 2:05 - loss: 45.8542
 529/1096 [=============>................] - ETA: 2:05 - loss: 45.8547
 530/1096 [=============>................] - ETA: 2:04 - loss: 45.8516
 531/1096 [=============>................] - ETA: 2:04 - loss: 45.8575
 532/1096 [=============>................] - ETA: 2:04 - loss: 45.8567
 533/1096 [=============>................] - ETA: 2:04 - loss: 45.8536
 534/1096 [=============>................] - ETA: 2:03 - loss: 45.8588
 535/1096 [=============>................] - ETA: 2:03 - loss: 45.8597
 536/1096 [=============>................] - ETA: 2:03 - loss: 45.8543
 537/1096 [=============>................] - ETA: 2:03 - loss: 45.8521
 538/1096 [=============>................] - ETA: 2:03 - loss: 45.8488
 539/1096 [=============>................] - ETA: 2:02 - loss: 45.8471
 540/1096 [=============>................] - ETA: 2:02 - loss: 45.8425
 541/1096 [=============>................] - ETA: 2:02 - loss: 45.8429
 542/1096 [=============>................] - ETA: 2:02 - loss: 45.8466
 543/1096 [=============>................] - ETA: 2:01 - loss: 45.8443
 544/1096 [=============>................] - ETA: 2:01 - loss: 45.8439
 545/1096 [=============>................] - ETA: 2:01 - loss: 45.8454
 546/1096 [=============>................] - ETA: 2:01 - loss: 45.8469
 547/1096 [=============>................] - ETA: 2:01 - loss: 45.8448
 548/1096 [==============>...............] - ETA: 2:00 - loss: 45.8463
 549/1096 [==============>...............] - ETA: 2:00 - loss: 45.8494
 550/1096 [==============>...............] - ETA: 2:00 - loss: 45.8510
 551/1096 [==============>...............] - ETA: 2:00 - loss: 45.8501
 552/1096 [==============>...............] - ETA: 1:59 - loss: 45.8527
 553/1096 [==============>...............] - ETA: 1:59 - loss: 45.8487
 554/1096 [==============>...............] - ETA: 1:59 - loss: 45.8438
 555/1096 [==============>...............] - ETA: 1:59 - loss: 45.8435
 556/1096 [==============>...............] - ETA: 1:58 - loss: 45.8418
 557/1096 [==============>...............] - ETA: 1:58 - loss: 45.8375
 558/1096 [==============>...............] - ETA: 1:58 - loss: 45.8345
 559/1096 [==============>...............] - ETA: 1:58 - loss: 45.8318
 560/1096 [==============>...............] - ETA: 1:57 - loss: 45.8309
 561/1096 [==============>...............] - ETA: 1:57 - loss: 45.8279
 562/1096 [==============>...............] - ETA: 1:57 - loss: 45.8266
 563/1096 [==============>...............] - ETA: 1:57 - loss: 45.8245
 564/1096 [==============>...............] - ETA: 1:57 - loss: 45.8188
 565/1096 [==============>...............] - ETA: 1:56 - loss: 45.8160
 566/1096 [==============>...............] - ETA: 1:56 - loss: 45.8178
 567/1096 [==============>...............] - ETA: 1:56 - loss: 45.8127
 568/1096 [==============>...............] - ETA: 1:56 - loss: 45.8150
 569/1096 [==============>...............] - ETA: 1:55 - loss: 45.8123
 570/1096 [==============>...............] - ETA: 1:55 - loss: 45.8151
 571/1096 [==============>...............] - ETA: 1:55 - loss: 45.8074
 572/1096 [==============>...............] - ETA: 1:55 - loss: 45.8033
 573/1096 [==============>...............] - ETA: 1:54 - loss: 45.8002
 574/1096 [==============>...............] - ETA: 1:54 - loss: 45.8003
 575/1096 [==============>...............] - ETA: 1:54 - loss: 45.8021
 576/1096 [==============>...............] - ETA: 1:54 - loss: 45.8011
 577/1096 [==============>...............] - ETA: 1:54 - loss: 45.7981
 578/1096 [==============>...............] - ETA: 1:53 - loss: 45.7951
 579/1096 [==============>...............] - ETA: 1:53 - loss: 45.7930
 580/1096 [==============>...............] - ETA: 1:53 - loss: 45.7931
 581/1096 [==============>...............] - ETA: 1:53 - loss: 45.7938
 582/1096 [==============>...............] - ETA: 1:52 - loss: 45.7960
 583/1096 [==============>...............] - ETA: 1:52 - loss: 45.7925
 584/1096 [==============>...............] - ETA: 1:52 - loss: 45.7916
 585/1096 [===============>..............] - ETA: 1:52 - loss: 45.7868
 586/1096 [===============>..............] - ETA: 1:51 - loss: 45.7849
 587/1096 [===============>..............] - ETA: 1:51 - loss: 45.7830
 588/1096 [===============>..............] - ETA: 1:51 - loss: 45.7856
 589/1096 [===============>..............] - ETA: 1:51 - loss: 45.7799
 590/1096 [===============>..............] - ETA: 1:51 - loss: 45.7825
 591/1096 [===============>..............] - ETA: 1:50 - loss: 45.7797
 592/1096 [===============>..............] - ETA: 1:50 - loss: 45.7792
 593/1096 [===============>..............] - ETA: 1:50 - loss: 45.7825
 594/1096 [===============>..............] - ETA: 1:50 - loss: 45.7822
 595/1096 [===============>..............] - ETA: 1:49 - loss: 45.7857
 596/1096 [===============>..............] - ETA: 1:49 - loss: 45.7871
 597/1096 [===============>..............] - ETA: 1:49 - loss: 45.7820
 598/1096 [===============>..............] - ETA: 1:49 - loss: 45.7815
 599/1096 [===============>..............] - ETA: 1:49 - loss: 45.7769
 600/1096 [===============>..............] - ETA: 1:48 - loss: 45.7749
 601/1096 [===============>..............] - ETA: 1:48 - loss: 45.7773
 602/1096 [===============>..............] - ETA: 1:48 - loss: 45.7749
 603/1096 [===============>..............] - ETA: 1:48 - loss: 45.7762
 604/1096 [===============>..............] - ETA: 1:47 - loss: 45.7751
 605/1096 [===============>..............] - ETA: 1:47 - loss: 45.7744
 606/1096 [===============>..............] - ETA: 1:47 - loss: 45.7709
 607/1096 [===============>..............] - ETA: 1:47 - loss: 45.7703
 608/1096 [===============>..............] - ETA: 1:46 - loss: 45.7656
 609/1096 [===============>..............] - ETA: 1:46 - loss: 45.7634
 610/1096 [===============>..............] - ETA: 1:46 - loss: 45.7608
 611/1096 [===============>..............] - ETA: 1:46 - loss: 45.7614
 612/1096 [===============>..............] - ETA: 1:46 - loss: 45.7623
 613/1096 [===============>..............] - ETA: 1:45 - loss: 45.7558
 614/1096 [===============>..............] - ETA: 1:45 - loss: 45.7562
 615/1096 [===============>..............] - ETA: 1:45 - loss: 45.7548
 616/1096 [===============>..............] - ETA: 1:45 - loss: 45.7535
 617/1096 [===============>..............] - ETA: 1:44 - loss: 45.7561
 618/1096 [===============>..............] - ETA: 1:44 - loss: 45.7590
 619/1096 [===============>..............] - ETA: 1:44 - loss: 45.7549
 620/1096 [===============>..............] - ETA: 1:44 - loss: 45.7561
 621/1096 [===============>..............] - ETA: 1:44 - loss: 45.7566
 622/1096 [================>.............] - ETA: 1:43 - loss: 45.7555
 623/1096 [================>.............] - ETA: 1:43 - loss: 45.7577
 624/1096 [================>.............] - ETA: 1:43 - loss: 45.7601
 625/1096 [================>.............] - ETA: 1:43 - loss: 45.7570
 626/1096 [================>.............] - ETA: 1:42 - loss: 45.7562
 627/1096 [================>.............] - ETA: 1:42 - loss: 45.7576
 628/1096 [================>.............] - ETA: 1:42 - loss: 45.7518
 629/1096 [================>.............] - ETA: 1:42 - loss: 45.7518
 630/1096 [================>.............] - ETA: 1:42 - loss: 45.7529
 631/1096 [================>.............] - ETA: 1:41 - loss: 45.7550
 632/1096 [================>.............] - ETA: 1:41 - loss: 45.7532
 633/1096 [================>.............] - ETA: 1:41 - loss: 45.7558
 634/1096 [================>.............] - ETA: 1:41 - loss: 45.7548
 635/1096 [================>.............] - ETA: 1:40 - loss: 45.7543
 636/1096 [================>.............] - ETA: 1:40 - loss: 45.7531
 637/1096 [================>.............] - ETA: 1:40 - loss: 45.7518
 638/1096 [================>.............] - ETA: 1:40 - loss: 45.7513
 639/1096 [================>.............] - ETA: 1:40 - loss: 45.7508
 640/1096 [================>.............] - ETA: 1:39 - loss: 45.7511
 641/1096 [================>.............] - ETA: 1:39 - loss: 45.7435
 642/1096 [================>.............] - ETA: 1:39 - loss: 45.7414
 643/1096 [================>.............] - ETA: 1:39 - loss: 45.7418
 644/1096 [================>.............] - ETA: 1:38 - loss: 45.7397
 645/1096 [================>.............] - ETA: 1:38 - loss: 45.7391
 646/1096 [================>.............] - ETA: 1:38 - loss: 45.7332
 647/1096 [================>.............] - ETA: 1:38 - loss: 45.7341
 648/1096 [================>.............] - ETA: 1:37 - loss: 45.7338
 649/1096 [================>.............] - ETA: 1:37 - loss: 45.7279
 650/1096 [================>.............] - ETA: 1:37 - loss: 45.7237
 651/1096 [================>.............] - ETA: 1:37 - loss: 45.7224
 652/1096 [================>.............] - ETA: 1:37 - loss: 45.7214
 653/1096 [================>.............] - ETA: 1:36 - loss: 45.7221
 654/1096 [================>.............] - ETA: 1:36 - loss: 45.7210
 655/1096 [================>.............] - ETA: 1:36 - loss: 45.7164
 656/1096 [================>.............] - ETA: 1:36 - loss: 45.7146
 657/1096 [================>.............] - ETA: 1:36 - loss: 45.7102
 658/1096 [=================>............] - ETA: 1:35 - loss: 45.7085
 659/1096 [=================>............] - ETA: 1:35 - loss: 45.7102
 660/1096 [=================>............] - ETA: 1:35 - loss: 45.7064
 661/1096 [=================>............] - ETA: 1:35 - loss: 45.7061
 662/1096 [=================>............] - ETA: 1:34 - loss: 45.7065
 663/1096 [=================>............] - ETA: 1:34 - loss: 45.7043
 664/1096 [=================>............] - ETA: 1:34 - loss: 45.7047
 665/1096 [=================>............] - ETA: 1:34 - loss: 45.7063
 666/1096 [=================>............] - ETA: 1:33 - loss: 45.7044
 667/1096 [=================>............] - ETA: 1:33 - loss: 45.7029
 668/1096 [=================>............] - ETA: 1:33 - loss: 45.7012
 669/1096 [=================>............] - ETA: 1:33 - loss: 45.7002
 670/1096 [=================>............] - ETA: 1:33 - loss: 45.6933
 671/1096 [=================>............] - ETA: 1:32 - loss: 45.6920
 672/1096 [=================>............] - ETA: 1:32 - loss: 45.6923
 673/1096 [=================>............] - ETA: 1:32 - loss: 45.6899
 674/1096 [=================>............] - ETA: 1:32 - loss: 45.6889
 675/1096 [=================>............] - ETA: 1:31 - loss: 45.6873
 676/1096 [=================>............] - ETA: 1:31 - loss: 45.6860
 677/1096 [=================>............] - ETA: 1:31 - loss: 45.6848
 678/1096 [=================>............] - ETA: 1:31 - loss: 45.6820
 679/1096 [=================>............] - ETA: 1:31 - loss: 45.6810
 680/1096 [=================>............] - ETA: 1:30 - loss: 45.6798
 681/1096 [=================>............] - ETA: 1:30 - loss: 45.6800
 682/1096 [=================>............] - ETA: 1:30 - loss: 45.6761
 683/1096 [=================>............] - ETA: 1:30 - loss: 45.6766
 684/1096 [=================>............] - ETA: 1:29 - loss: 45.6733
 685/1096 [=================>............] - ETA: 1:29 - loss: 45.6748
 686/1096 [=================>............] - ETA: 1:29 - loss: 45.6742
 687/1096 [=================>............] - ETA: 1:29 - loss: 45.6721
 688/1096 [=================>............] - ETA: 1:29 - loss: 45.6722
 689/1096 [=================>............] - ETA: 1:28 - loss: 45.6715
 690/1096 [=================>............] - ETA: 1:28 - loss: 45.6743
 691/1096 [=================>............] - ETA: 1:28 - loss: 45.6735
 692/1096 [=================>............] - ETA: 1:28 - loss: 45.6717
 693/1096 [=================>............] - ETA: 1:27 - loss: 45.6718
 694/1096 [=================>............] - ETA: 1:27 - loss: 45.6755
 695/1096 [==================>...........] - ETA: 1:27 - loss: 45.6731
 696/1096 [==================>...........] - ETA: 1:27 - loss: 45.6723
 697/1096 [==================>...........] - ETA: 1:27 - loss: 45.6707
 698/1096 [==================>...........] - ETA: 1:26 - loss: 45.6702
 699/1096 [==================>...........] - ETA: 1:26 - loss: 45.6709
 700/1096 [==================>...........] - ETA: 1:26 - loss: 45.6715
 701/1096 [==================>...........] - ETA: 1:26 - loss: 45.6722
 702/1096 [==================>...........] - ETA: 1:25 - loss: 45.6733
 703/1096 [==================>...........] - ETA: 1:25 - loss: 45.6720
 704/1096 [==================>...........] - ETA: 1:25 - loss: 45.6728
 705/1096 [==================>...........] - ETA: 1:25 - loss: 45.6747
 706/1096 [==================>...........] - ETA: 1:25 - loss: 45.6736
 707/1096 [==================>...........] - ETA: 1:24 - loss: 45.6735
 708/1096 [==================>...........] - ETA: 1:24 - loss: 45.6730
 709/1096 [==================>...........] - ETA: 1:24 - loss: 45.6718
 710/1096 [==================>...........] - ETA: 1:24 - loss: 45.6737
 711/1096 [==================>...........] - ETA: 1:23 - loss: 45.6733
 712/1096 [==================>...........] - ETA: 1:23 - loss: 45.6768
 713/1096 [==================>...........] - ETA: 1:23 - loss: 45.6753
 714/1096 [==================>...........] - ETA: 1:23 - loss: 45.6759
 715/1096 [==================>...........] - ETA: 1:22 - loss: 45.6743
 716/1096 [==================>...........] - ETA: 1:22 - loss: 45.6736
 717/1096 [==================>...........] - ETA: 1:22 - loss: 45.6727
 718/1096 [==================>...........] - ETA: 1:22 - loss: 45.6701
 719/1096 [==================>...........] - ETA: 1:22 - loss: 45.6695
 720/1096 [==================>...........] - ETA: 1:21 - loss: 45.6695
 721/1096 [==================>...........] - ETA: 1:21 - loss: 45.6708
 722/1096 [==================>...........] - ETA: 1:21 - loss: 45.6668
 723/1096 [==================>...........] - ETA: 1:21 - loss: 45.6639
 724/1096 [==================>...........] - ETA: 1:20 - loss: 45.6616
 725/1096 [==================>...........] - ETA: 1:20 - loss: 45.6599
 726/1096 [==================>...........] - ETA: 1:20 - loss: 45.6571
 727/1096 [==================>...........] - ETA: 1:20 - loss: 45.6559
 728/1096 [==================>...........] - ETA: 1:20 - loss: 45.6538
 729/1096 [==================>...........] - ETA: 1:19 - loss: 45.6539
 730/1096 [==================>...........] - ETA: 1:19 - loss: 45.6530
 731/1096 [===================>..........] - ETA: 1:19 - loss: 45.6553
 732/1096 [===================>..........] - ETA: 1:19 - loss: 45.6557
 733/1096 [===================>..........] - ETA: 1:19 - loss: 45.6538
 734/1096 [===================>..........] - ETA: 1:18 - loss: 45.6500
 735/1096 [===================>..........] - ETA: 1:18 - loss: 45.6465
 736/1096 [===================>..........] - ETA: 1:18 - loss: 45.6458
 737/1096 [===================>..........] - ETA: 1:18 - loss: 45.6425
 738/1096 [===================>..........] - ETA: 1:17 - loss: 45.6411
 739/1096 [===================>..........] - ETA: 1:17 - loss: 45.6371
 740/1096 [===================>..........] - ETA: 1:17 - loss: 45.6340
 741/1096 [===================>..........] - ETA: 1:17 - loss: 45.6314
 742/1096 [===================>..........] - ETA: 1:17 - loss: 45.6316
 743/1096 [===================>..........] - ETA: 1:16 - loss: 45.6314
 744/1096 [===================>..........] - ETA: 1:16 - loss: 45.6321
 745/1096 [===================>..........] - ETA: 1:16 - loss: 45.6308
 746/1096 [===================>..........] - ETA: 1:16 - loss: 45.6284
 747/1096 [===================>..........] - ETA: 1:15 - loss: 45.6293
 748/1096 [===================>..........] - ETA: 1:15 - loss: 45.6265
 749/1096 [===================>..........] - ETA: 1:15 - loss: 45.6250
 750/1096 [===================>..........] - ETA: 1:15 - loss: 45.6243
 751/1096 [===================>..........] - ETA: 1:15 - loss: 45.6238
 752/1096 [===================>..........] - ETA: 1:14 - loss: 45.6200
 753/1096 [===================>..........] - ETA: 1:14 - loss: 45.6177
 754/1096 [===================>..........] - ETA: 1:14 - loss: 45.6158
 755/1096 [===================>..........] - ETA: 1:14 - loss: 45.6180
 756/1096 [===================>..........] - ETA: 1:13 - loss: 45.6182
 757/1096 [===================>..........] - ETA: 1:13 - loss: 45.6164
 758/1096 [===================>..........] - ETA: 1:13 - loss: 45.6116
 759/1096 [===================>..........] - ETA: 1:13 - loss: 45.6122
 760/1096 [===================>..........] - ETA: 1:13 - loss: 45.6093
 761/1096 [===================>..........] - ETA: 1:12 - loss: 45.6084
 762/1096 [===================>..........] - ETA: 1:12 - loss: 45.6072
 763/1096 [===================>..........] - ETA: 1:12 - loss: 45.6060
 764/1096 [===================>..........] - ETA: 1:12 - loss: 45.6021
 765/1096 [===================>..........] - ETA: 1:11 - loss: 45.5999
 766/1096 [===================>..........] - ETA: 1:11 - loss: 45.5957
 767/1096 [===================>..........] - ETA: 1:11 - loss: 45.5929
 768/1096 [====================>.........] - ETA: 1:11 - loss: 45.5903
 769/1096 [====================>.........] - ETA: 1:11 - loss: 45.5928
 770/1096 [====================>.........] - ETA: 1:10 - loss: 45.5934
 771/1096 [====================>.........] - ETA: 1:10 - loss: 45.5925
 772/1096 [====================>.........] - ETA: 1:10 - loss: 45.5908
 773/1096 [====================>.........] - ETA: 1:10 - loss: 45.5873
 774/1096 [====================>.........] - ETA: 1:09 - loss: 45.5851
 775/1096 [====================>.........] - ETA: 1:09 - loss: 45.5860
 776/1096 [====================>.........] - ETA: 1:09 - loss: 45.5876
 777/1096 [====================>.........] - ETA: 1:09 - loss: 45.5841
 778/1096 [====================>.........] - ETA: 1:09 - loss: 45.5839
 779/1096 [====================>.........] - ETA: 1:08 - loss: 45.5833
 780/1096 [====================>.........] - ETA: 1:08 - loss: 45.5835
 781/1096 [====================>.........] - ETA: 1:08 - loss: 45.5801
 782/1096 [====================>.........] - ETA: 1:08 - loss: 45.5805
 783/1096 [====================>.........] - ETA: 1:08 - loss: 45.5763
 784/1096 [====================>.........] - ETA: 1:07 - loss: 45.5749
 785/1096 [====================>.........] - ETA: 1:07 - loss: 45.5753
 786/1096 [====================>.........] - ETA: 1:07 - loss: 45.5751
 787/1096 [====================>.........] - ETA: 1:07 - loss: 45.5753
 788/1096 [====================>.........] - ETA: 1:06 - loss: 45.5725
 789/1096 [====================>.........] - ETA: 1:06 - loss: 45.5750
 790/1096 [====================>.........] - ETA: 1:06 - loss: 45.5740
 791/1096 [====================>.........] - ETA: 1:06 - loss: 45.5753
 792/1096 [====================>.........] - ETA: 1:06 - loss: 45.5752
 793/1096 [====================>.........] - ETA: 1:05 - loss: 45.5758
 794/1096 [====================>.........] - ETA: 1:05 - loss: 45.5739
 795/1096 [====================>.........] - ETA: 1:05 - loss: 45.5700
 796/1096 [====================>.........] - ETA: 1:05 - loss: 45.5686
 797/1096 [====================>.........] - ETA: 1:04 - loss: 45.5683
 798/1096 [====================>.........] - ETA: 1:04 - loss: 45.5677
 799/1096 [====================>.........] - ETA: 1:04 - loss: 45.5652
 800/1096 [====================>.........] - ETA: 1:04 - loss: 45.5659
 801/1096 [====================>.........] - ETA: 1:04 - loss: 45.5636
 802/1096 [====================>.........] - ETA: 1:03 - loss: 45.5621
 803/1096 [====================>.........] - ETA: 1:03 - loss: 45.5585
 804/1096 [=====================>........] - ETA: 1:03 - loss: 45.5577
 805/1096 [=====================>........] - ETA: 1:03 - loss: 45.5559
 806/1096 [=====================>........] - ETA: 1:02 - loss: 45.5562
 807/1096 [=====================>........] - ETA: 1:02 - loss: 45.5515
 808/1096 [=====================>........] - ETA: 1:02 - loss: 45.5507
 809/1096 [=====================>........] - ETA: 1:02 - loss: 45.5530
 810/1096 [=====================>........] - ETA: 1:02 - loss: 45.5510
 811/1096 [=====================>........] - ETA: 1:01 - loss: 45.5511
 812/1096 [=====================>........] - ETA: 1:01 - loss: 45.5514
 813/1096 [=====================>........] - ETA: 1:01 - loss: 45.5495
 814/1096 [=====================>........] - ETA: 1:01 - loss: 45.5475
 815/1096 [=====================>........] - ETA: 1:00 - loss: 45.5458
 816/1096 [=====================>........] - ETA: 1:00 - loss: 45.5426
 817/1096 [=====================>........] - ETA: 1:00 - loss: 45.5430
 818/1096 [=====================>........] - ETA: 1:00 - loss: 45.5408
 819/1096 [=====================>........] - ETA: 1:00 - loss: 45.5437
 820/1096 [=====================>........] - ETA: 59s - loss: 45.5438 
 821/1096 [=====================>........] - ETA: 59s - loss: 45.5410
 822/1096 [=====================>........] - ETA: 59s - loss: 45.5421
 823/1096 [=====================>........] - ETA: 59s - loss: 45.5402
 824/1096 [=====================>........] - ETA: 58s - loss: 45.5364
 825/1096 [=====================>........] - ETA: 58s - loss: 45.5359
 826/1096 [=====================>........] - ETA: 58s - loss: 45.5351
 827/1096 [=====================>........] - ETA: 58s - loss: 45.5338
 828/1096 [=====================>........] - ETA: 58s - loss: 45.5351
 829/1096 [=====================>........] - ETA: 57s - loss: 45.5346
 830/1096 [=====================>........] - ETA: 57s - loss: 45.5333
 831/1096 [=====================>........] - ETA: 57s - loss: 45.5346
 832/1096 [=====================>........] - ETA: 57s - loss: 45.5322
 833/1096 [=====================>........] - ETA: 57s - loss: 45.5309
 834/1096 [=====================>........] - ETA: 56s - loss: 45.5276
 835/1096 [=====================>........] - ETA: 56s - loss: 45.5273
 836/1096 [=====================>........] - ETA: 56s - loss: 45.5262
 837/1096 [=====================>........] - ETA: 56s - loss: 45.5273
 838/1096 [=====================>........] - ETA: 55s - loss: 45.5266
 839/1096 [=====================>........] - ETA: 55s - loss: 45.5239
 840/1096 [=====================>........] - ETA: 55s - loss: 45.5255
 841/1096 [======================>.......] - ETA: 55s - loss: 45.5264
 842/1096 [======================>.......] - ETA: 55s - loss: 45.5263
 843/1096 [======================>.......] - ETA: 54s - loss: 45.5232
 844/1096 [======================>.......] - ETA: 54s - loss: 45.5224
 845/1096 [======================>.......] - ETA: 54s - loss: 45.5203
 846/1096 [======================>.......] - ETA: 54s - loss: 45.5207
 847/1096 [======================>.......] - ETA: 53s - loss: 45.5220
 848/1096 [======================>.......] - ETA: 53s - loss: 45.5209
 849/1096 [======================>.......] - ETA: 53s - loss: 45.5197
 850/1096 [======================>.......] - ETA: 53s - loss: 45.5184
 851/1096 [======================>.......] - ETA: 53s - loss: 45.5190
 852/1096 [======================>.......] - ETA: 52s - loss: 45.5202
 853/1096 [======================>.......] - ETA: 52s - loss: 45.5184
 854/1096 [======================>.......] - ETA: 52s - loss: 45.5160
 855/1096 [======================>.......] - ETA: 52s - loss: 45.5160
 856/1096 [======================>.......] - ETA: 51s - loss: 45.5156
 857/1096 [======================>.......] - ETA: 51s - loss: 45.5162
 858/1096 [======================>.......] - ETA: 51s - loss: 45.5169
 859/1096 [======================>.......] - ETA: 51s - loss: 45.5168
 860/1096 [======================>.......] - ETA: 51s - loss: 45.5146
 861/1096 [======================>.......] - ETA: 50s - loss: 45.5145
 862/1096 [======================>.......] - ETA: 50s - loss: 45.5113
 863/1096 [======================>.......] - ETA: 50s - loss: 45.5086
 864/1096 [======================>.......] - ETA: 50s - loss: 45.5054
 865/1096 [======================>.......] - ETA: 50s - loss: 45.5051
 866/1096 [======================>.......] - ETA: 49s - loss: 45.5026
 867/1096 [======================>.......] - ETA: 49s - loss: 45.5028
 868/1096 [======================>.......] - ETA: 49s - loss: 45.5058
 869/1096 [======================>.......] - ETA: 49s - loss: 45.5065
 870/1096 [======================>.......] - ETA: 48s - loss: 45.5059
 871/1096 [======================>.......] - ETA: 48s - loss: 45.5043
 872/1096 [======================>.......] - ETA: 48s - loss: 45.5038
 873/1096 [======================>.......] - ETA: 48s - loss: 45.5047
 874/1096 [======================>.......] - ETA: 48s - loss: 45.4997
 875/1096 [======================>.......] - ETA: 47s - loss: 45.5003
 876/1096 [======================>.......] - ETA: 47s - loss: 45.4983
 877/1096 [=======================>......] - ETA: 47s - loss: 45.4980
 878/1096 [=======================>......] - ETA: 47s - loss: 45.4954
 879/1096 [=======================>......] - ETA: 46s - loss: 45.4956
 880/1096 [=======================>......] - ETA: 46s - loss: 45.4957
 881/1096 [=======================>......] - ETA: 46s - loss: 45.4974
 882/1096 [=======================>......] - ETA: 46s - loss: 45.4951
 883/1096 [=======================>......] - ETA: 46s - loss: 45.4963
 884/1096 [=======================>......] - ETA: 45s - loss: 45.4951
 885/1096 [=======================>......] - ETA: 45s - loss: 45.4936
 886/1096 [=======================>......] - ETA: 45s - loss: 45.4926
 887/1096 [=======================>......] - ETA: 45s - loss: 45.4924
 888/1096 [=======================>......] - ETA: 45s - loss: 45.4902
 889/1096 [=======================>......] - ETA: 44s - loss: 45.4887
 890/1096 [=======================>......] - ETA: 44s - loss: 45.4882
 891/1096 [=======================>......] - ETA: 44s - loss: 45.4900
 892/1096 [=======================>......] - ETA: 44s - loss: 45.4917
 893/1096 [=======================>......] - ETA: 43s - loss: 45.4917
 894/1096 [=======================>......] - ETA: 43s - loss: 45.4913
 895/1096 [=======================>......] - ETA: 43s - loss: 45.4904
 896/1096 [=======================>......] - ETA: 43s - loss: 45.4894
 897/1096 [=======================>......] - ETA: 43s - loss: 45.4889
 898/1096 [=======================>......] - ETA: 42s - loss: 45.4869
 899/1096 [=======================>......] - ETA: 42s - loss: 45.4847
 900/1096 [=======================>......] - ETA: 42s - loss: 45.4852
 901/1096 [=======================>......] - ETA: 42s - loss: 45.4846
 902/1096 [=======================>......] - ETA: 41s - loss: 45.4827
 903/1096 [=======================>......] - ETA: 41s - loss: 45.4844
 904/1096 [=======================>......] - ETA: 41s - loss: 45.4812
 905/1096 [=======================>......] - ETA: 41s - loss: 45.4794
 906/1096 [=======================>......] - ETA: 41s - loss: 45.4784
 907/1096 [=======================>......] - ETA: 40s - loss: 45.4778
 908/1096 [=======================>......] - ETA: 40s - loss: 45.4792
 909/1096 [=======================>......] - ETA: 40s - loss: 45.4817
 910/1096 [=======================>......] - ETA: 40s - loss: 45.4844
 911/1096 [=======================>......] - ETA: 40s - loss: 45.4850
 912/1096 [=======================>......] - ETA: 39s - loss: 45.4823
 913/1096 [=======================>......] - ETA: 39s - loss: 45.4812
 914/1096 [========================>.....] - ETA: 39s - loss: 45.4793
 915/1096 [========================>.....] - ETA: 39s - loss: 45.4751
 916/1096 [========================>.....] - ETA: 38s - loss: 45.4742
 917/1096 [========================>.....] - ETA: 38s - loss: 45.4734
 918/1096 [========================>.....] - ETA: 38s - loss: 45.4728
 919/1096 [========================>.....] - ETA: 38s - loss: 45.4710
 920/1096 [========================>.....] - ETA: 38s - loss: 45.4715
 921/1096 [========================>.....] - ETA: 37s - loss: 45.4703
 922/1096 [========================>.....] - ETA: 37s - loss: 45.4675
 923/1096 [========================>.....] - ETA: 37s - loss: 45.4695
 924/1096 [========================>.....] - ETA: 37s - loss: 45.4669
 925/1096 [========================>.....] - ETA: 36s - loss: 45.4676
 926/1096 [========================>.....] - ETA: 36s - loss: 45.4650
 927/1096 [========================>.....] - ETA: 36s - loss: 45.4660
 928/1096 [========================>.....] - ETA: 36s - loss: 45.4653
 929/1096 [========================>.....] - ETA: 36s - loss: 45.4636
 930/1096 [========================>.....] - ETA: 35s - loss: 45.4636
 931/1096 [========================>.....] - ETA: 35s - loss: 45.4622
 932/1096 [========================>.....] - ETA: 35s - loss: 45.4632
 933/1096 [========================>.....] - ETA: 35s - loss: 45.4617
 934/1096 [========================>.....] - ETA: 35s - loss: 45.4610
 935/1096 [========================>.....] - ETA: 34s - loss: 45.4583
 936/1096 [========================>.....] - ETA: 34s - loss: 45.4585
 937/1096 [========================>.....] - ETA: 34s - loss: 45.4586
 938/1096 [========================>.....] - ETA: 34s - loss: 45.4603
 939/1096 [========================>.....] - ETA: 33s - loss: 45.4597
 940/1096 [========================>.....] - ETA: 33s - loss: 45.4592
 941/1096 [========================>.....] - ETA: 33s - loss: 45.4565
 942/1096 [========================>.....] - ETA: 33s - loss: 45.4552
 943/1096 [========================>.....] - ETA: 33s - loss: 45.4565
 944/1096 [========================>.....] - ETA: 32s - loss: 45.4553
 945/1096 [========================>.....] - ETA: 32s - loss: 45.4546
 946/1096 [========================>.....] - ETA: 32s - loss: 45.4511
 947/1096 [========================>.....] - ETA: 32s - loss: 45.4517
 948/1096 [========================>.....] - ETA: 31s - loss: 45.4535
 949/1096 [========================>.....] - ETA: 31s - loss: 45.4514
 950/1096 [=========================>....] - ETA: 31s - loss: 45.4488
 951/1096 [=========================>....] - ETA: 31s - loss: 45.4464
 952/1096 [=========================>....] - ETA: 31s - loss: 45.4463
 953/1096 [=========================>....] - ETA: 30s - loss: 45.4441
 954/1096 [=========================>....] - ETA: 30s - loss: 45.4447
 955/1096 [=========================>....] - ETA: 30s - loss: 45.4441
 956/1096 [=========================>....] - ETA: 30s - loss: 45.4423
 957/1096 [=========================>....] - ETA: 30s - loss: 45.4421
 958/1096 [=========================>....] - ETA: 29s - loss: 45.4404
 959/1096 [=========================>....] - ETA: 29s - loss: 45.4394
 960/1096 [=========================>....] - ETA: 29s - loss: 45.4367
 961/1096 [=========================>....] - ETA: 29s - loss: 45.4364
 962/1096 [=========================>....] - ETA: 28s - loss: 45.4360
 963/1096 [=========================>....] - ETA: 28s - loss: 45.4360
 964/1096 [=========================>....] - ETA: 28s - loss: 45.4354
 965/1096 [=========================>....] - ETA: 28s - loss: 45.4317
 966/1096 [=========================>....] - ETA: 28s - loss: 45.4293
 967/1096 [=========================>....] - ETA: 27s - loss: 45.4277
 968/1096 [=========================>....] - ETA: 27s - loss: 45.4274
 969/1096 [=========================>....] - ETA: 27s - loss: 45.4289
 970/1096 [=========================>....] - ETA: 27s - loss: 45.4277
 971/1096 [=========================>....] - ETA: 26s - loss: 45.4263
 972/1096 [=========================>....] - ETA: 26s - loss: 45.4262
 973/1096 [=========================>....] - ETA: 26s - loss: 45.4245
 974/1096 [=========================>....] - ETA: 26s - loss: 45.4255
 975/1096 [=========================>....] - ETA: 26s - loss: 45.4245
 976/1096 [=========================>....] - ETA: 25s - loss: 45.4233
 977/1096 [=========================>....] - ETA: 25s - loss: 45.4236
 978/1096 [=========================>....] - ETA: 25s - loss: 45.4215
 979/1096 [=========================>....] - ETA: 25s - loss: 45.4214
 980/1096 [=========================>....] - ETA: 25s - loss: 45.4188
 981/1096 [=========================>....] - ETA: 24s - loss: 45.4153
 982/1096 [=========================>....] - ETA: 24s - loss: 45.4139
 983/1096 [=========================>....] - ETA: 24s - loss: 45.4126
 984/1096 [=========================>....] - ETA: 24s - loss: 45.4100
 985/1096 [=========================>....] - ETA: 23s - loss: 45.4080
 986/1096 [=========================>....] - ETA: 23s - loss: 45.4077
 987/1096 [==========================>...] - ETA: 23s - loss: 45.4100
 988/1096 [==========================>...] - ETA: 23s - loss: 45.4077
 989/1096 [==========================>...] - ETA: 23s - loss: 45.4049
 990/1096 [==========================>...] - ETA: 22s - loss: 45.4043
 991/1096 [==========================>...] - ETA: 22s - loss: 45.4043
 992/1096 [==========================>...] - ETA: 22s - loss: 45.4032
 993/1096 [==========================>...] - ETA: 22s - loss: 45.4026
 994/1096 [==========================>...] - ETA: 22s - loss: 45.4014
 995/1096 [==========================>...] - ETA: 21s - loss: 45.4014
 996/1096 [==========================>...] - ETA: 21s - loss: 45.3990
 997/1096 [==========================>...] - ETA: 21s - loss: 45.3975
 998/1096 [==========================>...] - ETA: 21s - loss: 45.3958
 999/1096 [==========================>...] - ETA: 20s - loss: 45.3985
1000/1096 [==========================>...] - ETA: 20s - loss: 45.3960
1001/1096 [==========================>...] - ETA: 20s - loss: 45.3989
1002/1096 [==========================>...] - ETA: 20s - loss: 45.4001
1003/1096 [==========================>...] - ETA: 20s - loss: 45.3972
1004/1096 [==========================>...] - ETA: 19s - loss: 45.3928
1005/1096 [==========================>...] - ETA: 19s - loss: 45.3933
1006/1096 [==========================>...] - ETA: 19s - loss: 45.3924
1007/1096 [==========================>...] - ETA: 19s - loss: 45.3919
1008/1096 [==========================>...] - ETA: 18s - loss: 45.3887
1009/1096 [==========================>...] - ETA: 18s - loss: 45.3874
1010/1096 [==========================>...] - ETA: 18s - loss: 45.3879
1011/1096 [==========================>...] - ETA: 18s - loss: 45.3880
1012/1096 [==========================>...] - ETA: 18s - loss: 45.3864
1013/1096 [==========================>...] - ETA: 17s - loss: 45.3855
1014/1096 [==========================>...] - ETA: 17s - loss: 45.3831
1015/1096 [==========================>...] - ETA: 17s - loss: 45.3828
1016/1096 [==========================>...] - ETA: 17s - loss: 45.3831
1017/1096 [==========================>...] - ETA: 17s - loss: 45.3798
1018/1096 [==========================>...] - ETA: 16s - loss: 45.3768
1019/1096 [==========================>...] - ETA: 16s - loss: 45.3759
1020/1096 [==========================>...] - ETA: 16s - loss: 45.3740
1021/1096 [==========================>...] - ETA: 16s - loss: 45.3722
1022/1096 [==========================>...] - ETA: 15s - loss: 45.3715
1023/1096 [===========================>..] - ETA: 15s - loss: 45.3703
1024/1096 [===========================>..] - ETA: 15s - loss: 45.3688
1025/1096 [===========================>..] - ETA: 15s - loss: 45.3676
1026/1096 [===========================>..] - ETA: 15s - loss: 45.3652
1027/1096 [===========================>..] - ETA: 14s - loss: 45.3636
1028/1096 [===========================>..] - ETA: 14s - loss: 45.3632
1029/1096 [===========================>..] - ETA: 14s - loss: 45.3616
1030/1096 [===========================>..] - ETA: 14s - loss: 45.3611
1031/1096 [===========================>..] - ETA: 14s - loss: 45.3606
1032/1096 [===========================>..] - ETA: 13s - loss: 45.3563
1033/1096 [===========================>..] - ETA: 13s - loss: 45.3537
1034/1096 [===========================>..] - ETA: 13s - loss: 45.3541
1035/1096 [===========================>..] - ETA: 13s - loss: 45.3553
1036/1096 [===========================>..] - ETA: 12s - loss: 45.3541
1037/1096 [===========================>..] - ETA: 12s - loss: 45.3529
1038/1096 [===========================>..] - ETA: 12s - loss: 45.3543
1039/1096 [===========================>..] - ETA: 12s - loss: 45.3557
1040/1096 [===========================>..] - ETA: 12s - loss: 45.3549
1041/1096 [===========================>..] - ETA: 11s - loss: 45.3533
1042/1096 [===========================>..] - ETA: 11s - loss: 45.3534
1043/1096 [===========================>..] - ETA: 11s - loss: 45.3538
1044/1096 [===========================>..] - ETA: 11s - loss: 45.3528
1045/1096 [===========================>..] - ETA: 11s - loss: 45.3519
1046/1096 [===========================>..] - ETA: 10s - loss: 45.3513
1047/1096 [===========================>..] - ETA: 10s - loss: 45.3502
1048/1096 [===========================>..] - ETA: 10s - loss: 45.3508
1049/1096 [===========================>..] - ETA: 10s - loss: 45.3494
1050/1096 [===========================>..] - ETA: 9s - loss: 45.3485 
1051/1096 [===========================>..] - ETA: 9s - loss: 45.3479
1052/1096 [===========================>..] - ETA: 9s - loss: 45.3482
1053/1096 [===========================>..] - ETA: 9s - loss: 45.3462
1054/1096 [===========================>..] - ETA: 9s - loss: 45.3443
1055/1096 [===========================>..] - ETA: 8s - loss: 45.3429
1056/1096 [===========================>..] - ETA: 8s - loss: 45.3408
1057/1096 [===========================>..] - ETA: 8s - loss: 45.3403
1058/1096 [===========================>..] - ETA: 8s - loss: 45.3392
1059/1096 [===========================>..] - ETA: 7s - loss: 45.3408
1060/1096 [============================>.] - ETA: 7s - loss: 45.3382
1061/1096 [============================>.] - ETA: 7s - loss: 45.3403
1062/1096 [============================>.] - ETA: 7s - loss: 45.3415
1063/1096 [============================>.] - ETA: 7s - loss: 45.3422
1064/1096 [============================>.] - ETA: 6s - loss: 45.3428
1065/1096 [============================>.] - ETA: 6s - loss: 45.3436
1066/1096 [============================>.] - ETA: 6s - loss: 45.3416
1067/1096 [============================>.] - ETA: 6s - loss: 45.3398
1068/1096 [============================>.] - ETA: 6s - loss: 45.3383
1069/1096 [============================>.] - ETA: 5s - loss: 45.3384
1070/1096 [============================>.] - ETA: 5s - loss: 45.3397
1071/1096 [============================>.] - ETA: 5s - loss: 45.3382
1072/1096 [============================>.] - ETA: 5s - loss: 45.3374
1073/1096 [============================>.] - ETA: 4s - loss: 45.3360
1074/1096 [============================>.] - ETA: 4s - loss: 45.3361
1075/1096 [============================>.] - ETA: 4s - loss: 45.3350
1076/1096 [============================>.] - ETA: 4s - loss: 45.3328
1077/1096 [============================>.] - ETA: 4s - loss: 45.3331
1078/1096 [============================>.] - ETA: 3s - loss: 45.3329
1079/1096 [============================>.] - ETA: 3s - loss: 45.3335
1080/1096 [============================>.] - ETA: 3s - loss: 45.3337
1081/1096 [============================>.] - ETA: 3s - loss: 45.3339
1082/1096 [============================>.] - ETA: 3s - loss: 45.3318
1083/1096 [============================>.] - ETA: 2s - loss: 45.3288
1084/1096 [============================>.] - ETA: 2s - loss: 45.3271
1085/1096 [============================>.] - ETA: 2s - loss: 45.3265
1086/1096 [============================>.] - ETA: 2s - loss: 45.3255
1087/1096 [============================>.] - ETA: 1s - loss: 45.3250
1088/1096 [============================>.] - ETA: 1s - loss: 45.3231
1089/1096 [============================>.] - ETA: 1s - loss: 45.3243
1090/1096 [============================>.] - ETA: 1s - loss: 45.3222
1091/1096 [============================>.] - ETA: 1s - loss: 45.3220
1092/1096 [============================>.] - ETA: 0s - loss: 45.3235
1093/1096 [============================>.] - ETA: 0s - loss: 45.3248
1094/1096 [============================>.] - ETA: 0s - loss: 45.3233
1095/1096 [============================>.] - ETA: 0s - loss: 45.3236
1096/1096 [==============================] - 248s 226ms/step - loss: 45.3216 - val_loss: 44.7878
Using TensorFlow backend.
/home/czchen/stevenwork/plate_detection_ML_hw3/recognition/model.py:56: UserWarning: Update your `GRU` call to the Keras 2 API: `GRU(256, return_sequences=True, name="gru1", kernel_initializer="he_normal")`
  gru_1 = GRU(para.rnn_size, return_sequences=True, init='he_normal', name='gru1')(x)
/home/czchen/stevenwork/plate_detection_ML_hw3/recognition/model.py:58: UserWarning: Update your `GRU` call to the Keras 2 API: `GRU(256, return_sequences=True, go_backwards=True, name="gru1_b", kernel_initializer="he_normal")`
  init='he_normal', name='gru1_b')(x)
/home/czchen/stevenwork/plate_detection_ML_hw3/recognition/model.py:62: UserWarning: Update your `GRU` call to the Keras 2 API: `GRU(256, return_sequences=True, name="gru2", kernel_initializer="he_normal")`
  gru_2 = GRU(para.rnn_size, return_sequences=True, init='he_normal', name='gru2')(gru1_merged)
/home/czchen/stevenwork/plate_detection_ML_hw3/recognition/model.py:64: UserWarning: Update your `GRU` call to the Keras 2 API: `GRU(256, return_sequences=True, go_backwards=True, name="gru2_b", kernel_initializer="he_normal")`
  init='he_normal', name='gru2_b')(gru1_merged)
Epoch 2/50
Traceback (most recent call last):
  File "train.py", line 171, in <module>
    main()
  File "train.py", line 168, in main
    train(args, crnn_model, multi_train_gen, multi_val_gen, train_step, val_step)
  File "train.py", line 72, in train
    history = crnn_model.fit_generator(train_gen, steps_per_epoch=train_step, epochs=args.epoch, callbacks=callbacks, validation_data=val_gen,validation_steps=val_step)
  File "/home/czchen/anaconda3/envs/Deep/lib/python3.6/site-packages/keras/legacy/interfaces.py", line 91, in wrapper
    return func(*args, **kwargs)
  File "/home/czchen/anaconda3/envs/Deep/lib/python3.6/site-packages/keras/engine/training.py", line 1418, in fit_generator
    initial_epoch=initial_epoch)
  File "/home/czchen/anaconda3/envs/Deep/lib/python3.6/site-packages/keras/engine/training_generator.py", line 217, in fit_generator
    class_weight=class_weight)
  File "/home/czchen/anaconda3/envs/Deep/lib/python3.6/site-packages/keras/engine/training.py", line 1211, in train_on_batch
    class_weight=class_weight)
  File "/home/czchen/anaconda3/envs/Deep/lib/python3.6/site-packages/keras/engine/training.py", line 804, in _standardize_user_data
    check_array_length_consistency(x, y, sample_weights)
  File "/home/czchen/anaconda3/envs/Deep/lib/python3.6/site-packages/keras/engine/training_utils.py", line 228, in check_array_length_consistency
    str([x.shape for x in inputs]))
ValueError: All input arrays (x) should have the same number of samples. Got array shapes: [(9, 64, 128, 3), (9, 7), (16, 1), (16, 1)]
